{
  "RSpec": {
    "coverage": {
      "/Users/Layth/Projects/bank_tech_test/spec/app_spec.rb": [
        1,
        null,
        1,
        1,
        9,
        9,
        null,
        null,
        1,
        1,
        2,
        null,
        null,
        null,
        1,
        1,
        1,
        1,
        1,
        null,
        1,
        1,
        1,
        null,
        null,
        null,
        1,
        1,
        1,
        1,
        1,
        null,
        null,
        1,
        1,
        1,
        null,
        null,
        null,
        1,
        1,
        1,
        1,
        1,
        null,
        null,
        1,
        1,
        1,
        null,
        1,
        1,
        null,
        null,
        1,
        1,
        1,
        1,
        null,
        null,
        1,
        1,
        1,
        1,
        null,
        null,
        null
      ],
      "/Users/Layth/Projects/bank_tech_test/lib/app.rb": [
        1,
        null,
        1,
        1,
        13,
        13,
        13,
        null,
        null,
        1,
        2,
        2,
        2,
        2,
        2,
        null,
        null,
        1,
        2,
        2,
        2,
        2,
        2,
        null,
        null,
        1,
        2,
        null,
        null,
        1,
        1,
        1,
        1,
        1,
        null,
        null,
        1,
        4,
        4,
        null,
        1,
        null,
        1,
        null,
        1,
        null,
        0,
        null,
        1,
        null,
        null,
        null,
        1,
        0,
        0,
        0,
        null,
        null,
        null,
        null
      ],
      "/Users/Layth/Projects/bank_tech_test/lib/bank.rb": [
        1,
        1,
        1,
        null,
        1,
        1,
        null,
        1,
        22,
        22,
        null,
        null,
        1,
        2,
        2,
        2,
        2,
        null,
        null,
        1,
        2,
        2,
        2,
        2,
        null,
        null,
        1,
        1,
        1,
        null,
        null,
        1,
        3,
        null,
        null
      ],
      "/Users/Layth/Projects/bank_tech_test/lib/statement.rb": [
        1,
        null,
        1,
        null,
        1,
        null,
        1,
        1,
        1,
        null,
        null,
        1,
        2,
        2,
        4,
        null,
        null,
        null
      ],
      "/Users/Layth/Projects/bank_tech_test/lib/transaction.rb": [
        1,
        null,
        1,
        null,
        1,
        5,
        5,
        5,
        5,
        null,
        null
      ],
      "/Users/Layth/Projects/bank_tech_test/spec/bank_spec.rb": [
        1,
        null,
        1,
        1,
        6,
        null,
        null,
        1,
        1,
        1,
        1,
        1,
        null,
        null,
        null,
        1,
        1,
        1,
        1,
        1,
        null,
        null,
        1,
        1,
        1,
        null,
        null,
        null,
        1,
        1,
        1,
        1,
        1,
        null,
        null,
        1,
        1,
        1,
        null,
        null,
        null,
        1,
        1,
        1,
        1,
        1,
        null,
        null,
        null
      ],
      "/Users/Layth/Projects/bank_tech_test/spec/statement_spec.rb": [
        1,
        null,
        1,
        1,
        1,
        1,
        1,
        1,
        1,
        null,
        null,
        null,
        null,
        1,
        1,
        2,
        null,
        null,
        null
      ],
      "/Users/Layth/Projects/bank_tech_test/spec/transaction_spec.rb": [
        1,
        null,
        1,
        null,
        1,
        1,
        1,
        1,
        1,
        null,
        null,
        null
      ]
    },
    "timestamp": 1534250076
  }
}
