{
  "RSpec": {
    "coverage": {
      "/Users/Layth/Projects/bank_tech_test/spec/app_spec.rb": [
        1,
        null,
        1,
        1,
        5,
        5,
        null,
        null,
        1,
        1,
        2,
        null,
        null,
        null,
        1,
        1,
        1,
        1,
        1,
        null,
        null,
        1,
        1,
        1,
        null,
        1,
        1,
        null,
        null,
        1,
        1,
        1,
        1,
        null,
        null,
        1,
        1,
        1,
        1,
        null,
        null,
        null
      ],
      "/Users/Layth/Projects/bank_tech_test/lib/app.rb": [
        1,
        null,
        null,
        1,
        null,
        1,
        null,
        1,
        5,
        5,
        5,
        null,
        null,
        1,
        0,
        0,
        0,
        0,
        0,
        null,
        null,
        1,
        0,
        0,
        0,
        0,
        0,
        null,
        null,
        1,
        0,
        null,
        null,
        1,
        1,
        1,
        1,
        1,
        null,
        null,
        1,
        4,
        4,
        null,
        1,
        null,
        1,
        null,
        1,
        null,
        1,
        null,
        0,
        null,
        0,
        null,
        null,
        null,
        1,
        0,
        0,
        0,
        null,
        null,
        null,
        null
      ],
      "/Users/Layth/Projects/bank_tech_test/lib/bank.rb": [
        1,
        1,
        1,
        1,
        null,
        1,
        null,
        1,
        null,
        1,
        12,
        12,
        null,
        null,
        1,
        2,
        2,
        2,
        2,
        2,
        null,
        null,
        1,
        2,
        2,
        2,
        2,
        2,
        null,
        null,
        1,
        3,
        null,
        null
      ],
      "/Users/Layth/Projects/bank_tech_test/lib/statement.rb": [
        1,
        null,
        1,
        null,
        1,
        null,
        1,
        1,
        1,
        1,
        null,
        null,
        1,
        2,
        2,
        0,
        null,
        null,
        null
      ],
      "/Users/Layth/Projects/bank_tech_test/lib/deposit.rb": [
        1,
        null,
        1,
        null,
        1,
        2,
        2,
        2,
        null,
        null,
        null
      ],
      "/Users/Layth/Projects/bank_tech_test/lib/withdrawal.rb": [
        1,
        null,
        1,
        null,
        1,
        2,
        2,
        2,
        null,
        null
      ],
      "/Users/Layth/Projects/bank_tech_test/spec/bank_spec.rb": [
        1,
        null,
        1,
        1,
        5,
        5,
        null,
        null,
        1,
        1,
        1,
        1,
        1,
        null,
        null,
        1,
        1,
        1,
        null,
        null,
        null,
        1,
        1,
        1,
        1,
        1,
        null,
        null,
        1,
        1,
        1,
        null,
        null,
        null,
        1,
        1,
        1,
        1,
        1,
        null,
        null,
        null
      ],
      "/Users/Layth/Projects/bank_tech_test/spec/deposit_spec.rb": [
        1,
        null,
        1,
        null,
        1,
        1,
        1,
        1,
        1,
        null,
        null,
        null
      ],
      "/Users/Layth/Projects/bank_tech_test/spec/statement_spec.rb": [
        1,
        null,
        1,
        1,
        1,
        null,
        null,
        null,
        1,
        1,
        2,
        null,
        null,
        null
      ],
      "/Users/Layth/Projects/bank_tech_test/spec/withdrawal_spec.rb": [
        1,
        null,
        1,
        null,
        1,
        1,
        1,
        1,
        1,
        null,
        null,
        null
      ]
    },
    "timestamp": 1534240694
  }
}
